  Source.cpp
C:\Users\mdahl\JOBB\11VisualStudio\mdhl_lib\mdhl_Tools.h(71,9): warning C4551: function call missing argument list
C:\Users\mdahl\JOBB\11VisualStudio\mdhl_lib\mdhl_Knx_Items_v9.h(4,10): warning C4067: unexpected tokens following preprocessor directive - expected a newline
C:\Users\mdahl\JOBB\11VisualStudio\mdhl_lib\mdhl_Knx_Items_v9.h(5,10): warning C4067: unexpected tokens following preprocessor directive - expected a newline
C:\Users\mdahl\JOBB\11VisualStudio\mdhl_lib\mdhl_Knx_Items_v9.h(6,10): warning C4067: unexpected tokens following preprocessor directive - expected a newline
C:\Users\mdahl\JOBB\11VisualStudio\mdhl_lib\mdhl_Knx_v9.h(115,27): warning C4018: '<': signed/unsigned mismatch
C:\Users\mdahl\JOBB\11VisualStudio\mdhl_lib\mdhl_Knx_v9.h(546,27): warning C4018: '<': signed/unsigned mismatch
C:\Users\mdahl\JOBB\11VisualStudio\mdhl_lib\mdhl_Knx_v9.h(663,27): warning C4018: '<': signed/unsigned mismatch
C:\Program Files (x86)\Microsoft Visual Studio\2019\Community\VC\Tools\MSVC\14.29.30133\include\xstring(2541,23): warning C4244: 'argument': conversion from 'wchar_t' to 'const _Elem', possible loss of data
          with
          [
              _Elem=char
          ]
C:\Program Files (x86)\Microsoft Visual Studio\2019\Community\VC\Tools\MSVC\14.29.30133\include\xstring(2552): message : see reference to function template instantiation 'void std::basic_string<char,std::char_traits<char>,std::allocator<char>>::_Construct<wchar_t*>(_Iter,const _Iter,std::input_iterator_tag)' being compiled
          with
          [
              _Iter=wchar_t *
          ]
C:\Program Files (x86)\Microsoft Visual Studio\2019\Community\VC\Tools\MSVC\14.29.30133\include\xstring(2552): message : see reference to function template instantiation 'void std::basic_string<char,std::char_traits<char>,std::allocator<char>>::_Construct<wchar_t*>(_Iter,const _Iter,std::input_iterator_tag)' being compiled
          with
          [
              _Iter=wchar_t *
          ]
C:\Program Files (x86)\Microsoft Visual Studio\2019\Community\VC\Tools\MSVC\14.29.30133\include\xstring(2532): message : see reference to function template instantiation 'void std::basic_string<char,std::char_traits<char>,std::allocator<char>>::_Construct<wchar_t*>(const _Iter,const _Iter,std::forward_iterator_tag)' being compiled
          with
          [
              _Iter=wchar_t *
          ]
C:\Program Files (x86)\Microsoft Visual Studio\2019\Community\VC\Tools\MSVC\14.29.30133\include\xstring(2532): message : see reference to function template instantiation 'void std::basic_string<char,std::char_traits<char>,std::allocator<char>>::_Construct<wchar_t*>(const _Iter,const _Iter,std::forward_iterator_tag)' being compiled
          with
          [
              _Iter=wchar_t *
          ]
C:\Users\mdahl\JOBB\11VisualStudio\VS_c++\KNX_CFC_Autogen_9\KNX_CFC_Autogen_9\Source.cpp(198): message : see reference to function template instantiation 'std::basic_string<char,std::char_traits<char>,std::allocator<char>>::basic_string<std::_String_iterator<std::_String_val<std::_Simple_types<_Elem>>>,0>(_Iter,_Iter,const _Alloc &)' being compiled
          with
          [
              _Elem=wchar_t,
              _Iter=std::_String_iterator<std::_String_val<std::_Simple_types<wchar_t>>>,
              _Alloc=std::allocator<char>
          ]
C:\Users\mdahl\JOBB\11VisualStudio\VS_c++\KNX_CFC_Autogen_9\KNX_CFC_Autogen_9\Source.cpp(198): message : see reference to function template instantiation 'std::basic_string<char,std::char_traits<char>,std::allocator<char>>::basic_string<std::_String_iterator<std::_String_val<std::_Simple_types<_Elem>>>,0>(_Iter,_Iter,const _Alloc &)' being compiled
          with
          [
              _Elem=wchar_t,
              _Iter=std::_String_iterator<std::_String_val<std::_Simple_types<wchar_t>>>,
              _Alloc=std::allocator<char>
          ]
  Generating code
  1 of 702 functions ( 0.1%) were compiled, the rest were copied from previous compilation.
    0 functions were new in current compilation
    2 functions had inline decision re-evaluated but remain unchanged
  Finished generating code
  KNX_CFC_Autogen_9.vcxproj -> C:\Users\mdahl\JOBB\11VisualStudio\VS_c++\KNX_CFC_Autogen_9\Release\KNX_CFC_Autogen_9.exe
