  Source.cpp
C:\Users\mdahl\JOBB\11VisualStudio\mdhl_lib\mdhl_Tools.h(71,9): warning C4551: function call missing argument list
C:\Users\mdahl\JOBB\11VisualStudio\mdhl_lib\mdhl_Knx_Items_v9.h(4,10): warning C4067: unexpected tokens following preprocessor directive - expected a newline
C:\Users\mdahl\JOBB\11VisualStudio\mdhl_lib\mdhl_Knx_Items_v9.h(5,10): warning C4067: unexpected tokens following preprocessor directive - expected a newline
C:\Users\mdahl\JOBB\11VisualStudio\mdhl_lib\mdhl_Knx_Items_v9.h(6,10): warning C4067: unexpected tokens following preprocessor directive - expected a newline
C:\Users\mdahl\JOBB\11VisualStudio\mdhl_lib\mdhl_Knx_v9.h(109,46): warning C4267: '=': conversion from 'size_t' to 'int', possible loss of data
C:\Users\mdahl\JOBB\11VisualStudio\mdhl_lib\mdhl_Knx_v9.h(218,37): warning C4267: '=': conversion from 'size_t' to 'int', possible loss of data
C:\Users\mdahl\JOBB\11VisualStudio\mdhl_lib\mdhl_Knx_v9.h(422,42): warning C4267: '=': conversion from 'size_t' to 'int', possible loss of data
C:\Users\mdahl\JOBB\11VisualStudio\mdhl_lib\mdhl_Knx_v9.h(462,46): warning C4267: '=': conversion from 'size_t' to 'int', possible loss of data
C:\Users\mdahl\JOBB\11VisualStudio\mdhl_lib\mdhl_Knx_v9.h(541,46): warning C4267: '=': conversion from 'size_t' to 'int', possible loss of data
C:\Users\mdahl\JOBB\11VisualStudio\mdhl_lib\mdhl_Knx_v9.h(658,46): warning C4267: '=': conversion from 'size_t' to 'int', possible loss of data
C:\Users\mdahl\JOBB\11VisualStudio\mdhl_lib\mdhl_Knx_v9.h(808,42): warning C4267: '=': conversion from 'size_t' to 'int', possible loss of data
C:\Users\mdahl\JOBB\11VisualStudio\mdhl_lib\mdhl_Knx_v9.h(836,42): warning C4267: '=': conversion from 'size_t' to 'int', possible loss of data
C:\Users\mdahl\JOBB\11VisualStudio\VS_c++\KNX_CFC_Autogen_9\KNX_CFC_Autogen_9\Source.cpp(90,41): warning C4267: '=': conversion from 'size_t' to 'int', possible loss of data
C:\Users\mdahl\JOBB\11VisualStudio\VS_c++\KNX_CFC_Autogen_9\KNX_CFC_Autogen_9\Source.cpp(100,47): warning C4267: '=': conversion from 'size_t' to 'int', possible loss of data
C:\Users\mdahl\JOBB\11VisualStudio\VS_c++\KNX_CFC_Autogen_9\KNX_CFC_Autogen_9\Source.cpp(106,47): warning C4267: '=': conversion from 'size_t' to 'int', possible loss of data
C:\Users\mdahl\JOBB\11VisualStudio\VS_c++\KNX_CFC_Autogen_9\KNX_CFC_Autogen_9\Source.cpp(124,53): warning C4267: '=': conversion from 'size_t' to 'int', possible loss of data
C:\Users\mdahl\JOBB\11VisualStudio\VS_c++\KNX_CFC_Autogen_9\KNX_CFC_Autogen_9\Source.cpp(138,59): warning C4267: '=': conversion from 'size_t' to 'int', possible loss of data
C:\Users\mdahl\JOBB\11VisualStudio\VS_c++\KNX_CFC_Autogen_9\KNX_CFC_Autogen_9\Source.cpp(144,63): warning C4267: '=': conversion from 'size_t' to 'int', possible loss of data
C:\Users\mdahl\JOBB\11VisualStudio\VS_c++\KNX_CFC_Autogen_9\KNX_CFC_Autogen_9\Source.cpp(152,63): warning C4267: '=': conversion from 'size_t' to 'int', possible loss of data
C:\Users\mdahl\JOBB\11VisualStudio\VS_c++\KNX_CFC_Autogen_9\KNX_CFC_Autogen_9\Source.cpp(160,63): warning C4267: '=': conversion from 'size_t' to 'int', possible loss of data
C:\Users\mdahl\JOBB\11VisualStudio\VS_c++\KNX_CFC_Autogen_9\KNX_CFC_Autogen_9\Source.cpp(168,63): warning C4267: '=': conversion from 'size_t' to 'int', possible loss of data
C:\Program Files (x86)\Microsoft Visual Studio\2019\Community\VC\Tools\MSVC\14.29.30133\include\xstring(2575,23): warning C4244: 'argument': conversion from 'wchar_t' to 'const _Elem', possible loss of data
          with
          [
              _Elem=char
          ]
C:\Program Files (x86)\Microsoft Visual Studio\2019\Community\VC\Tools\MSVC\14.29.30133\include\xstring(2586): message : see reference to function template instantiation 'void std::basic_string<char,std::char_traits<char>,std::allocator<char>>::_Construct<wchar_t*>(_Iter,const _Iter,std::input_iterator_tag)' being compiled
          with
          [
              _Iter=wchar_t *
          ]
C:\Program Files (x86)\Microsoft Visual Studio\2019\Community\VC\Tools\MSVC\14.29.30133\include\xstring(2586): message : see reference to function template instantiation 'void std::basic_string<char,std::char_traits<char>,std::allocator<char>>::_Construct<wchar_t*>(_Iter,const _Iter,std::input_iterator_tag)' being compiled
          with
          [
              _Iter=wchar_t *
          ]
C:\Program Files (x86)\Microsoft Visual Studio\2019\Community\VC\Tools\MSVC\14.29.30133\include\xstring(2566): message : see reference to function template instantiation 'void std::basic_string<char,std::char_traits<char>,std::allocator<char>>::_Construct<wchar_t*>(const _Iter,const _Iter,std::forward_iterator_tag)' being compiled
          with
          [
              _Iter=wchar_t *
          ]
C:\Program Files (x86)\Microsoft Visual Studio\2019\Community\VC\Tools\MSVC\14.29.30133\include\xstring(2566): message : see reference to function template instantiation 'void std::basic_string<char,std::char_traits<char>,std::allocator<char>>::_Construct<wchar_t*>(const _Iter,const _Iter,std::forward_iterator_tag)' being compiled
          with
          [
              _Iter=wchar_t *
          ]
C:\Users\mdahl\JOBB\11VisualStudio\VS_c++\KNX_CFC_Autogen_9\KNX_CFC_Autogen_9\Source.cpp(195): message : see reference to function template instantiation 'std::basic_string<char,std::char_traits<char>,std::allocator<char>>::basic_string<std::_String_iterator<std::_String_val<std::_Simple_types<_Elem>>>,0>(_Iter,_Iter,const _Alloc &)' being compiled
          with
          [
              _Elem=wchar_t,
              _Iter=std::_String_iterator<std::_String_val<std::_Simple_types<wchar_t>>>,
              _Alloc=std::allocator<char>
          ]
C:\Users\mdahl\JOBB\11VisualStudio\VS_c++\KNX_CFC_Autogen_9\KNX_CFC_Autogen_9\Source.cpp(195): message : see reference to function template instantiation 'std::basic_string<char,std::char_traits<char>,std::allocator<char>>::basic_string<std::_String_iterator<std::_String_val<std::_Simple_types<_Elem>>>,0>(_Iter,_Iter,const _Alloc &)' being compiled
          with
          [
              _Elem=wchar_t,
              _Iter=std::_String_iterator<std::_String_val<std::_Simple_types<wchar_t>>>,
              _Alloc=std::allocator<char>
          ]
  Generating code
  14 of 702 functions ( 2.0%) were compiled, the rest were copied from previous compilation.
    0 functions were new in current compilation
    2 functions had inline decision re-evaluated but remain unchanged
  Finished generating code
  KNX_CFC_Autogen_9.vcxproj -> C:\Users\mdahl\JOBB\11VisualStudio\VS_c++\KNX_CFC_Autogen_9\x64\Release\KNX_CFC_Autogen_9.exe
